
  You can now view your Streamlit app in your browser.

  Local URL: http://localhost:8501
  Network URL: http://192.168.45.203:8501

2025-03-22 23:30:51.156 Uncaught app execution
Traceback (most recent call last):
  File "C:\Users\umts2\anaconda3\envs\ysg\lib\site-packages\streamlit\runtime\scriptrunner\exec_code.py", line 121, in exec_func_with_error_handling
    result = func()
  File "C:\Users\umts2\anaconda3\envs\ysg\lib\site-packages\streamlit\runtime\scriptrunner\script_runner.py", line 593, in code_to_exec
    exec(code, module.__dict__)
  File "C:\Users\umts2\OneDrive\Desktop\ysg\main.py", line 38, in <module>
    st.dataframe(df_house)
  File "C:\Users\umts2\anaconda3\envs\ysg\lib\site-packages\streamlit\runtime\metrics_util.py", line 410, in wrapped_func
    result = non_optional_func(*args, **kwargs)
  File "C:\Users\umts2\anaconda3\envs\ysg\lib\site-packages\streamlit\elements\arrow.py", line 600, in dataframe
    marshall_styler(proto, data, default_uuid)
  File "C:\Users\umts2\anaconda3\envs\ysg\lib\site-packages\streamlit\elements\lib\pandas_styler_utils.py", line 64, in marshall_styler
    pandas_styles = styler._translate(False, False)
  File "C:\Users\umts2\anaconda3\envs\ysg\lib\site-packages\pandas\io\formats\style_render.py", line 335, in _translate
    body: list = self._translate_body(idx_lengths, max_rows, max_cols)
  File "C:\Users\umts2\anaconda3\envs\ysg\lib\site-packages\pandas\io\formats\style_render.py", line 629, in _translate_body
    body_row = self._generate_body_row(
  File "C:\Users\umts2\anaconda3\envs\ysg\lib\site-packages\pandas\io\formats\style_render.py", line 826, in _generate_body_row
    display_value=self._display_funcs[(r, c)](value),
  File "C:\Users\umts2\anaconda3\envs\ysg\lib\site-packages\pandas\io\formats\style_render.py", line 1829, in <lambda>
    func_0 = lambda x: formatter.format(x)
ValueError: Cannot specify ',' with 's'.
2025-03-22 23:32:26.821 Uncaught app execution
Traceback (most recent call last):
  File "C:\Users\umts2\anaconda3\envs\ysg\lib\site-packages\streamlit\runtime\scriptrunner\exec_code.py", line 121, in exec_func_with_error_handling
    result = func()
  File "C:\Users\umts2\anaconda3\envs\ysg\lib\site-packages\streamlit\runtime\scriptrunner\script_runner.py", line 593, in code_to_exec
    exec(code, module.__dict__)
  File "C:\Users\umts2\OneDrive\Desktop\ysg\main.py", line 38, in <module>
    st.dataframe(df_house)
  File "C:\Users\umts2\anaconda3\envs\ysg\lib\site-packages\streamlit\runtime\metrics_util.py", line 410, in wrapped_func
    result = non_optional_func(*args, **kwargs)
  File "C:\Users\umts2\anaconda3\envs\ysg\lib\site-packages\streamlit\elements\arrow.py", line 600, in dataframe
    marshall_styler(proto, data, default_uuid)
  File "C:\Users\umts2\anaconda3\envs\ysg\lib\site-packages\streamlit\elements\lib\pandas_styler_utils.py", line 64, in marshall_styler
    pandas_styles = styler._translate(False, False)
  File "C:\Users\umts2\anaconda3\envs\ysg\lib\site-packages\pandas\io\formats\style_render.py", line 335, in _translate
    body: list = self._translate_body(idx_lengths, max_rows, max_cols)
  File "C:\Users\umts2\anaconda3\envs\ysg\lib\site-packages\pandas\io\formats\style_render.py", line 629, in _translate_body
    body_row = self._generate_body_row(
  File "C:\Users\umts2\anaconda3\envs\ysg\lib\site-packages\pandas\io\formats\style_render.py", line 826, in _generate_body_row
    display_value=self._display_funcs[(r, c)](value),
  File "C:\Users\umts2\anaconda3\envs\ysg\lib\site-packages\pandas\io\formats\style_render.py", line 1829, in <lambda>
    func_0 = lambda x: formatter.format(x)
ValueError: Cannot specify ',' with 's'.
  Stopping...
